<?xml version="1.0" encoding="UTF-8"?>
<testsuite xmlns:xsi="http://www.w3.org/2001/XMLSchema-instance" xsi:noNamespaceSchemaLocation="https://maven.apache.org/surefire/maven-surefire-plugin/xsd/surefire-test-report-3.0.xsd" version="3.0" name="com.visualpathit.account.controllerTest.UserControllerTest" time="2.111" tests="6" errors="0" skipped="0" failures="0">
  <properties>
[...]
</properties>
  <testcase name="indexTestHappyFlow" classname="com.visualpathit.account.controllerTest.UserControllerTest" time="1.849">
    <system-out><![CDATA[12:01:58.207 [main] INFO  o.s.t.w.s.s.StandaloneMockMvcBuilder$StaticRequestMappingHandlerMapping#532 Mapped "{[/registration],methods=[GET]}" onto public final java.lang.String com.visualpathit.account.controller.UserController.registration(org.springframework.ui.Model)
12:01:58.217 [main] INFO  o.s.t.w.s.s.StandaloneMockMvcBuilder$StaticRequestMappingHandlerMapping#532 Mapped "{[/registration],methods=[POST]}" onto public final java.lang.String com.visualpathit.account.controller.UserController.registration(com.visualpathit.account.model.User,org.springframework.validation.BindingResult,org.springframework.ui.Model)
12:01:58.217 [main] INFO  o.s.t.w.s.s.StandaloneMockMvcBuilder$StaticRequestMappingHandlerMapping#532 Mapped "{[/ || /welcome],methods=[GET]}" onto public final java.lang.String com.visualpathit.account.controller.UserController.welcome(org.springframework.ui.Model)
12:01:58.217 [main] INFO  o.s.t.w.s.s.StandaloneMockMvcBuilder$StaticRequestMappingHandlerMapping#532 Mapped "{[/login],methods=[GET]}" onto public final java.lang.String com.visualpathit.account.controller.UserController.login(org.springframework.ui.Model,java.lang.String,java.lang.String)
12:01:58.217 [main] INFO  o.s.t.w.s.s.StandaloneMockMvcBuilder$StaticRequestMappingHandlerMapping#532 Mapped "{[/user/rabbit],methods=[GET]}" onto public java.lang.String com.visualpathit.account.controller.UserController.rabbitmqSetUp()
12:01:58.217 [main] INFO  o.s.t.w.s.s.StandaloneMockMvcBuilder$StaticRequestMappingHandlerMapping#532 Mapped "{[/user/{username}],methods=[GET]}" onto public final java.lang.String com.visualpathit.account.controller.UserController.userUpdate(java.lang.String,org.springframework.ui.Model)
12:01:58.217 [main] INFO  o.s.t.w.s.s.StandaloneMockMvcBuilder$StaticRequestMappingHandlerMapping#532 Mapped "{[/user/{username}],methods=[POST]}" onto public final java.lang.String com.visualpathit.account.controller.UserController.userUpdateProfile(java.lang.String,com.visualpathit.account.model.User,org.springframework.ui.Model)
12:01:58.217 [main] INFO  o.s.t.w.s.s.StandaloneMockMvcBuilder$StaticRequestMappingHandlerMapping#532 Mapped "{[/index],methods=[GET]}" onto public final java.lang.String com.visualpathit.account.controller.UserController.indexHome(org.springframework.ui.Model)
12:01:58.217 [main] INFO  o.s.t.w.s.s.StandaloneMockMvcBuilder$StaticRequestMappingHandlerMapping#532 Mapped "{[/users],methods=[GET]}" onto public java.lang.String com.visualpathit.account.controller.UserController.getAllUsers(org.springframework.ui.Model)
12:01:58.217 [main] INFO  o.s.t.w.s.s.StandaloneMockMvcBuilder$StaticRequestMappingHandlerMapping#532 Mapped "{[/users/{id}],methods=[GET]}" onto public java.lang.String com.visualpathit.account.controller.UserController.getOneUser(java.lang.String,org.springframework.ui.Model)
12:01:59.037 [main] INFO  o.s.w.s.m.m.a.RequestMappingHandlerAdapter#532 Looking for @ControllerAdvice: org.springframework.test.web.servlet.setup.StubWebApplicationContext@3d3c886f
12:01:59.167 [main] INFO  o.s.m.w.MockServletContext#390 Initializing Spring FrameworkServlet ''
12:01:59.167 [main] INFO  o.s.t.w.s.TestDispatcherServlet#488 FrameworkServlet '': initialization started
12:01:59.170 [main] INFO  o.s.t.w.s.TestDispatcherServlet#507 FrameworkServlet '': initialization completed in 3 ms
]]></system-out>
    <system-err><![CDATA[ERROR StatusLogger Log4j2 could not find a logging implementation. Please add log4j-core to the classpath. Using SimpleLogger to log to the console...
]]></system-err>
  </testcase>
  <testcase name="loginTestHappyFlow" classname="com.visualpathit.account.controllerTest.UserControllerTest" time="0.078">
    <system-out><![CDATA[12:01:59.267 [main] INFO  o.s.t.w.s.s.StandaloneMockMvcBuilder$StaticRequestMappingHandlerMapping#532 Mapped "{[/registration],methods=[GET]}" onto public final java.lang.String com.visualpathit.account.controller.UserController.registration(org.springframework.ui.Model)
12:01:59.267 [main] INFO  o.s.t.w.s.s.StandaloneMockMvcBuilder$StaticRequestMappingHandlerMapping#532 Mapped "{[/registration],methods=[POST]}" onto public final java.lang.String com.visualpathit.account.controller.UserController.registration(com.visualpathit.account.model.User,org.springframework.validation.BindingResult,org.springframework.ui.Model)
12:01:59.270 [main] INFO  o.s.t.w.s.s.StandaloneMockMvcBuilder$StaticRequestMappingHandlerMapping#532 Mapped "{[/ || /welcome],methods=[GET]}" onto public final java.lang.String com.visualpathit.account.controller.UserController.welcome(org.springframework.ui.Model)
12:01:59.270 [main] INFO  o.s.t.w.s.s.StandaloneMockMvcBuilder$StaticRequestMappingHandlerMapping#532 Mapped "{[/login],methods=[GET]}" onto public final java.lang.String com.visualpathit.account.controller.UserController.login(org.springframework.ui.Model,java.lang.String,java.lang.String)
12:01:59.273 [main] INFO  o.s.t.w.s.s.StandaloneMockMvcBuilder$StaticRequestMappingHandlerMapping#532 Mapped "{[/user/rabbit],methods=[GET]}" onto public java.lang.String com.visualpathit.account.controller.UserController.rabbitmqSetUp()
12:01:59.273 [main] INFO  o.s.t.w.s.s.StandaloneMockMvcBuilder$StaticRequestMappingHandlerMapping#532 Mapped "{[/user/{username}],methods=[GET]}" onto public final java.lang.String com.visualpathit.account.controller.UserController.userUpdate(java.lang.String,org.springframework.ui.Model)
12:01:59.273 [main] INFO  o.s.t.w.s.s.StandaloneMockMvcBuilder$StaticRequestMappingHandlerMapping#532 Mapped "{[/user/{username}],methods=[POST]}" onto public final java.lang.String com.visualpathit.account.controller.UserController.userUpdateProfile(java.lang.String,com.visualpathit.account.model.User,org.springframework.ui.Model)
12:01:59.273 [main] INFO  o.s.t.w.s.s.StandaloneMockMvcBuilder$StaticRequestMappingHandlerMapping#532 Mapped "{[/index],methods=[GET]}" onto public final java.lang.String com.visualpathit.account.controller.UserController.indexHome(org.springframework.ui.Model)
12:01:59.273 [main] INFO  o.s.t.w.s.s.StandaloneMockMvcBuilder$StaticRequestMappingHandlerMapping#532 Mapped "{[/users],methods=[GET]}" onto public java.lang.String com.visualpathit.account.controller.UserController.getAllUsers(org.springframework.ui.Model)
12:01:59.273 [main] INFO  o.s.t.w.s.s.StandaloneMockMvcBuilder$StaticRequestMappingHandlerMapping#532 Mapped "{[/users/{id}],methods=[GET]}" onto public java.lang.String com.visualpathit.account.controller.UserController.getOneUser(java.lang.String,org.springframework.ui.Model)
12:01:59.287 [main] INFO  o.s.w.s.m.m.a.RequestMappingHandlerAdapter#532 Looking for @ControllerAdvice: org.springframework.test.web.servlet.setup.StubWebApplicationContext@55be2608
12:01:59.292 [main] INFO  o.s.m.w.MockServletContext#390 Initializing Spring FrameworkServlet ''
12:01:59.292 [main] INFO  o.s.t.w.s.TestDispatcherServlet#488 FrameworkServlet '': initialization started
12:01:59.292 [main] INFO  o.s.t.w.s.TestDispatcherServlet#507 FrameworkServlet '': initialization completed in 0 ms
Model data{}
]]></system-out>
  </testcase>
  <testcase name="registrationTestforNullValueHappyFlow" classname="com.visualpathit.account.controllerTest.UserControllerTest" time="0.04">
    <system-out><![CDATA[12:01:59.333 [main] INFO  o.s.t.w.s.s.StandaloneMockMvcBuilder$StaticRequestMappingHandlerMapping#532 Mapped "{[/registration],methods=[GET]}" onto public final java.lang.String com.visualpathit.account.controller.UserController.registration(org.springframework.ui.Model)
12:01:59.334 [main] INFO  o.s.t.w.s.s.StandaloneMockMvcBuilder$StaticRequestMappingHandlerMapping#532 Mapped "{[/registration],methods=[POST]}" onto public final java.lang.String com.visualpathit.account.controller.UserController.registration(com.visualpathit.account.model.User,org.springframework.validation.BindingResult,org.springframework.ui.Model)
12:01:59.335 [main] INFO  o.s.t.w.s.s.StandaloneMockMvcBuilder$StaticRequestMappingHandlerMapping#532 Mapped "{[/ || /welcome],methods=[GET]}" onto public final java.lang.String com.visualpathit.account.controller.UserController.welcome(org.springframework.ui.Model)
12:01:59.335 [main] INFO  o.s.t.w.s.s.StandaloneMockMvcBuilder$StaticRequestMappingHandlerMapping#532 Mapped "{[/login],methods=[GET]}" onto public final java.lang.String com.visualpathit.account.controller.UserController.login(org.springframework.ui.Model,java.lang.String,java.lang.String)
12:01:59.336 [main] INFO  o.s.t.w.s.s.StandaloneMockMvcBuilder$StaticRequestMappingHandlerMapping#532 Mapped "{[/user/rabbit],methods=[GET]}" onto public java.lang.String com.visualpathit.account.controller.UserController.rabbitmqSetUp()
12:01:59.336 [main] INFO  o.s.t.w.s.s.StandaloneMockMvcBuilder$StaticRequestMappingHandlerMapping#532 Mapped "{[/user/{username}],methods=[GET]}" onto public final java.lang.String com.visualpathit.account.controller.UserController.userUpdate(java.lang.String,org.springframework.ui.Model)
12:01:59.337 [main] INFO  o.s.t.w.s.s.StandaloneMockMvcBuilder$StaticRequestMappingHandlerMapping#532 Mapped "{[/user/{username}],methods=[POST]}" onto public final java.lang.String com.visualpathit.account.controller.UserController.userUpdateProfile(java.lang.String,com.visualpathit.account.model.User,org.springframework.ui.Model)
12:01:59.337 [main] INFO  o.s.t.w.s.s.StandaloneMockMvcBuilder$StaticRequestMappingHandlerMapping#532 Mapped "{[/index],methods=[GET]}" onto public final java.lang.String com.visualpathit.account.controller.UserController.indexHome(org.springframework.ui.Model)
12:01:59.337 [main] INFO  o.s.t.w.s.s.StandaloneMockMvcBuilder$StaticRequestMappingHandlerMapping#532 Mapped "{[/users],methods=[GET]}" onto public java.lang.String com.visualpathit.account.controller.UserController.getAllUsers(org.springframework.ui.Model)
12:01:59.337 [main] INFO  o.s.t.w.s.s.StandaloneMockMvcBuilder$StaticRequestMappingHandlerMapping#532 Mapped "{[/users/{id}],methods=[GET]}" onto public java.lang.String com.visualpathit.account.controller.UserController.getOneUser(java.lang.String,org.springframework.ui.Model)
12:01:59.371 [main] INFO  o.s.w.s.m.m.a.RequestMappingHandlerAdapter#532 Looking for @ControllerAdvice: org.springframework.test.web.servlet.setup.StubWebApplicationContext@3dfc8814
12:01:59.377 [main] INFO  o.s.m.w.MockServletContext#390 Initializing Spring FrameworkServlet ''
12:01:59.377 [main] INFO  o.s.t.w.s.TestDispatcherServlet#488 FrameworkServlet '': initialization started
12:01:59.377 [main] INFO  o.s.t.w.s.TestDispatcherServlet#507 FrameworkServlet '': initialization completed in 0 ms
]]></system-out>
  </testcase>
  <testcase name="welcomeAfterDirectLoginTestHappyFlow" classname="com.visualpathit.account.controllerTest.UserControllerTest" time="0.03">
    <system-out><![CDATA[12:01:59.377 [main] INFO  o.s.t.w.s.s.StandaloneMockMvcBuilder$StaticRequestMappingHandlerMapping#532 Mapped "{[/registration],methods=[GET]}" onto public final java.lang.String com.visualpathit.account.controller.UserController.registration(org.springframework.ui.Model)
12:01:59.377 [main] INFO  o.s.t.w.s.s.StandaloneMockMvcBuilder$StaticRequestMappingHandlerMapping#532 Mapped "{[/registration],methods=[POST]}" onto public final java.lang.String com.visualpathit.account.controller.UserController.registration(com.visualpathit.account.model.User,org.springframework.validation.BindingResult,org.springframework.ui.Model)
12:01:59.377 [main] INFO  o.s.t.w.s.s.StandaloneMockMvcBuilder$StaticRequestMappingHandlerMapping#532 Mapped "{[/ || /welcome],methods=[GET]}" onto public final java.lang.String com.visualpathit.account.controller.UserController.welcome(org.springframework.ui.Model)
12:01:59.387 [main] INFO  o.s.t.w.s.s.StandaloneMockMvcBuilder$StaticRequestMappingHandlerMapping#532 Mapped "{[/login],methods=[GET]}" onto public final java.lang.String com.visualpathit.account.controller.UserController.login(org.springframework.ui.Model,java.lang.String,java.lang.String)
12:01:59.387 [main] INFO  o.s.t.w.s.s.StandaloneMockMvcBuilder$StaticRequestMappingHandlerMapping#532 Mapped "{[/user/rabbit],methods=[GET]}" onto public java.lang.String com.visualpathit.account.controller.UserController.rabbitmqSetUp()
12:01:59.387 [main] INFO  o.s.t.w.s.s.StandaloneMockMvcBuilder$StaticRequestMappingHandlerMapping#532 Mapped "{[/user/{username}],methods=[GET]}" onto public final java.lang.String com.visualpathit.account.controller.UserController.userUpdate(java.lang.String,org.springframework.ui.Model)
12:01:59.387 [main] INFO  o.s.t.w.s.s.StandaloneMockMvcBuilder$StaticRequestMappingHandlerMapping#532 Mapped "{[/user/{username}],methods=[POST]}" onto public final java.lang.String com.visualpathit.account.controller.UserController.userUpdateProfile(java.lang.String,com.visualpathit.account.model.User,org.springframework.ui.Model)
12:01:59.387 [main] INFO  o.s.t.w.s.s.StandaloneMockMvcBuilder$StaticRequestMappingHandlerMapping#532 Mapped "{[/index],methods=[GET]}" onto public final java.lang.String com.visualpathit.account.controller.UserController.indexHome(org.springframework.ui.Model)
12:01:59.387 [main] INFO  o.s.t.w.s.s.StandaloneMockMvcBuilder$StaticRequestMappingHandlerMapping#532 Mapped "{[/users],methods=[GET]}" onto public java.lang.String com.visualpathit.account.controller.UserController.getAllUsers(org.springframework.ui.Model)
12:01:59.387 [main] INFO  o.s.t.w.s.s.StandaloneMockMvcBuilder$StaticRequestMappingHandlerMapping#532 Mapped "{[/users/{id}],methods=[GET]}" onto public java.lang.String com.visualpathit.account.controller.UserController.getOneUser(java.lang.String,org.springframework.ui.Model)
12:01:59.397 [main] INFO  o.s.w.s.m.m.a.RequestMappingHandlerAdapter#532 Looking for @ControllerAdvice: org.springframework.test.web.servlet.setup.StubWebApplicationContext@3385f1a8
12:01:59.407 [main] INFO  o.s.m.w.MockServletContext#390 Initializing Spring FrameworkServlet ''
12:01:59.407 [main] INFO  o.s.t.w.s.TestDispatcherServlet#488 FrameworkServlet '': initialization started
12:01:59.407 [main] INFO  o.s.t.w.s.TestDispatcherServlet#507 FrameworkServlet '': initialization completed in 0 ms
]]></system-out>
  </testcase>
  <testcase name="welcomeTestHappyFlow" classname="com.visualpathit.account.controllerTest.UserControllerTest" time="0.057">
    <system-out><![CDATA[12:01:59.407 [main] INFO  o.s.t.w.s.s.StandaloneMockMvcBuilder$StaticRequestMappingHandlerMapping#532 Mapped "{[/registration],methods=[GET]}" onto public final java.lang.String com.visualpathit.account.controller.UserController.registration(org.springframework.ui.Model)
12:01:59.407 [main] INFO  o.s.t.w.s.s.StandaloneMockMvcBuilder$StaticRequestMappingHandlerMapping#532 Mapped "{[/registration],methods=[POST]}" onto public final java.lang.String com.visualpathit.account.controller.UserController.registration(com.visualpathit.account.model.User,org.springframework.validation.BindingResult,org.springframework.ui.Model)
12:01:59.407 [main] INFO  o.s.t.w.s.s.StandaloneMockMvcBuilder$StaticRequestMappingHandlerMapping#532 Mapped "{[/ || /welcome],methods=[GET]}" onto public final java.lang.String com.visualpathit.account.controller.UserController.welcome(org.springframework.ui.Model)
12:01:59.407 [main] INFO  o.s.t.w.s.s.StandaloneMockMvcBuilder$StaticRequestMappingHandlerMapping#532 Mapped "{[/login],methods=[GET]}" onto public final java.lang.String com.visualpathit.account.controller.UserController.login(org.springframework.ui.Model,java.lang.String,java.lang.String)
12:01:59.407 [main] INFO  o.s.t.w.s.s.StandaloneMockMvcBuilder$StaticRequestMappingHandlerMapping#532 Mapped "{[/user/rabbit],methods=[GET]}" onto public java.lang.String com.visualpathit.account.controller.UserController.rabbitmqSetUp()
12:01:59.407 [main] INFO  o.s.t.w.s.s.StandaloneMockMvcBuilder$StaticRequestMappingHandlerMapping#532 Mapped "{[/user/{username}],methods=[GET]}" onto public final java.lang.String com.visualpathit.account.controller.UserController.userUpdate(java.lang.String,org.springframework.ui.Model)
12:01:59.407 [main] INFO  o.s.t.w.s.s.StandaloneMockMvcBuilder$StaticRequestMappingHandlerMapping#532 Mapped "{[/user/{username}],methods=[POST]}" onto public final java.lang.String com.visualpathit.account.controller.UserController.userUpdateProfile(java.lang.String,com.visualpathit.account.model.User,org.springframework.ui.Model)
12:01:59.417 [main] INFO  o.s.t.w.s.s.StandaloneMockMvcBuilder$StaticRequestMappingHandlerMapping#532 Mapped "{[/index],methods=[GET]}" onto public final java.lang.String com.visualpathit.account.controller.UserController.indexHome(org.springframework.ui.Model)
12:01:59.417 [main] INFO  o.s.t.w.s.s.StandaloneMockMvcBuilder$StaticRequestMappingHandlerMapping#532 Mapped "{[/users],methods=[GET]}" onto public java.lang.String com.visualpathit.account.controller.UserController.getAllUsers(org.springframework.ui.Model)
12:01:59.417 [main] INFO  o.s.t.w.s.s.StandaloneMockMvcBuilder$StaticRequestMappingHandlerMapping#532 Mapped "{[/users/{id}],methods=[GET]}" onto public java.lang.String com.visualpathit.account.controller.UserController.getOneUser(java.lang.String,org.springframework.ui.Model)
12:01:59.447 [main] INFO  o.s.w.s.m.m.a.RequestMappingHandlerAdapter#532 Looking for @ControllerAdvice: org.springframework.test.web.servlet.setup.StubWebApplicationContext@4071aa13
12:01:59.457 [main] INFO  o.s.m.w.MockServletContext#390 Initializing Spring FrameworkServlet ''
12:01:59.457 [main] INFO  o.s.t.w.s.TestDispatcherServlet#488 FrameworkServlet '': initialization started
12:01:59.457 [main] INFO  o.s.t.w.s.TestDispatcherServlet#507 FrameworkServlet '': initialization completed in 0 ms
]]></system-out>
  </testcase>
  <testcase name="registrationTestforHappyFlow" classname="com.visualpathit.account.controllerTest.UserControllerTest" time="0.023">
    <system-out><![CDATA[12:01:59.465 [main] INFO  o.s.t.w.s.s.StandaloneMockMvcBuilder$StaticRequestMappingHandlerMapping#532 Mapped "{[/registration],methods=[GET]}" onto public final java.lang.String com.visualpathit.account.controller.UserController.registration(org.springframework.ui.Model)
12:01:59.465 [main] INFO  o.s.t.w.s.s.StandaloneMockMvcBuilder$StaticRequestMappingHandlerMapping#532 Mapped "{[/registration],methods=[POST]}" onto public final java.lang.String com.visualpathit.account.controller.UserController.registration(com.visualpathit.account.model.User,org.springframework.validation.BindingResult,org.springframework.ui.Model)
12:01:59.466 [main] INFO  o.s.t.w.s.s.StandaloneMockMvcBuilder$StaticRequestMappingHandlerMapping#532 Mapped "{[/ || /welcome],methods=[GET]}" onto public final java.lang.String com.visualpathit.account.controller.UserController.welcome(org.springframework.ui.Model)
12:01:59.466 [main] INFO  o.s.t.w.s.s.StandaloneMockMvcBuilder$StaticRequestMappingHandlerMapping#532 Mapped "{[/login],methods=[GET]}" onto public final java.lang.String com.visualpathit.account.controller.UserController.login(org.springframework.ui.Model,java.lang.String,java.lang.String)
12:01:59.466 [main] INFO  o.s.t.w.s.s.StandaloneMockMvcBuilder$StaticRequestMappingHandlerMapping#532 Mapped "{[/user/rabbit],methods=[GET]}" onto public java.lang.String com.visualpathit.account.controller.UserController.rabbitmqSetUp()
12:01:59.467 [main] INFO  o.s.t.w.s.s.StandaloneMockMvcBuilder$StaticRequestMappingHandlerMapping#532 Mapped "{[/user/{username}],methods=[GET]}" onto public final java.lang.String com.visualpathit.account.controller.UserController.userUpdate(java.lang.String,org.springframework.ui.Model)
12:01:59.467 [main] INFO  o.s.t.w.s.s.StandaloneMockMvcBuilder$StaticRequestMappingHandlerMapping#532 Mapped "{[/user/{username}],methods=[POST]}" onto public final java.lang.String com.visualpathit.account.controller.UserController.userUpdateProfile(java.lang.String,com.visualpathit.account.model.User,org.springframework.ui.Model)
12:01:59.467 [main] INFO  o.s.t.w.s.s.StandaloneMockMvcBuilder$StaticRequestMappingHandlerMapping#532 Mapped "{[/index],methods=[GET]}" onto public final java.lang.String com.visualpathit.account.controller.UserController.indexHome(org.springframework.ui.Model)
12:01:59.467 [main] INFO  o.s.t.w.s.s.StandaloneMockMvcBuilder$StaticRequestMappingHandlerMapping#532 Mapped "{[/users],methods=[GET]}" onto public java.lang.String com.visualpathit.account.controller.UserController.getAllUsers(org.springframework.ui.Model)
12:01:59.467 [main] INFO  o.s.t.w.s.s.StandaloneMockMvcBuilder$StaticRequestMappingHandlerMapping#532 Mapped "{[/users/{id}],methods=[GET]}" onto public java.lang.String com.visualpathit.account.controller.UserController.getOneUser(java.lang.String,org.springframework.ui.Model)
12:01:59.477 [main] INFO  o.s.w.s.m.m.a.RequestMappingHandlerAdapter#532 Looking for @ControllerAdvice: org.springframework.test.web.servlet.setup.StubWebApplicationContext@464de784
12:01:59.477 [main] INFO  o.s.m.w.MockServletContext#390 Initializing Spring FrameworkServlet ''
12:01:59.477 [main] INFO  o.s.t.w.s.TestDispatcherServlet#488 FrameworkServlet '': initialization started
12:01:59.477 [main] INFO  o.s.t.w.s.TestDispatcherServlet#507 FrameworkServlet '': initialization completed in 0 ms
]]></system-out>
  </testcase>
</testsuite>